<?xml version="1.0"?>
<!DOCTYPE coverage SYSTEM "http://cobertura.sourceforge.net/xml/coverage-04.dtd">

<coverage line-rate="0.5714285714285714" branch-rate="1.0" lines-covered="4" lines-valid="7" branches-covered="0" branches-valid="0" complexity="1.0" version="2.1.1" timestamp="1518457361524">
	<sources>
		<source>/Users/filipe/codeclimate/tmp/java/simple_java/src/main/java</source>
	</sources>
	<packages>
		<package name="" line-rate="1.0" branch-rate="1.0" complexity="0.0">
			<classes>
				<class name="Library" filename="Library.java" line-rate="1.0" branch-rate="1.0" complexity="0.0">
					<methods>
					</methods>
					<lines>
					</lines>
				</class>
			</classes>
		</package>
		<package name="filipesperandio" line-rate="0.0" branch-rate="1.0" complexity="1.0">
			<classes>
				<class name="filipesperandio.SimpleJava" filename="filipesperandio/SimpleJava.java" line-rate="0.0" branch-rate="1.0" complexity="1.0">
					<methods>
						<method name="&lt;init&gt;" signature="()V" line-rate="0.0" branch-rate="1.0" complexity="0">
							<lines>
								<line number="3" hits="0" branch="false"/>
							</lines>
						</method>
						<method name="name" signature="()Ljava/lang/String;" line-rate="0.0" branch-rate="1.0" complexity="0">
							<lines>
								<line number="6" hits="0" branch="false"/>
							</lines>
						</method>
						<method name="name2" signature="()Ljava/lang/String;" line-rate="0.0" branch-rate="1.0" complexity="0">
							<lines>
								<line number="10" hits="0" branch="false"/>
							</lines>
						</method>
					</methods>
					<lines>
						<line number="3" hits="0" branch="false"/>
						<line number="6" hits="0" branch="false"/>
						<line number="10" hits="0" branch="false"/>
					</lines>
				</class>
			</classes>
		</package>
		<package name="pkg" line-rate="1.0" branch-rate="1.0" complexity="1.0">
			<classes>
				<class name="pkg.Library" filename="pkg/Library.java" line-rate="1.0" branch-rate="1.0" complexity="1.0">
					<methods>
						<method name="&lt;init&gt;" signature="()V" line-rate="1.0" branch-rate="1.0" complexity="0">
							<lines>
								<line number="5" hits="1" branch="false"/>
							</lines>
						</method>
						<method name="bar" signature="()V" line-rate="1.0" branch-rate="1.0" complexity="0">
							<lines>
								<line number="10" hits="1" branch="false"/>
								<line number="11" hits="1" branch="false"/>
							</lines>
						</method>
						<method name="main" signature="([Ljava/lang/String;)V" line-rate="1.0" branch-rate="1.0" complexity="0">
							<lines>
								<line number="7" hits="1" branch="false"/>
							</lines>
						</method>
					</methods>
					<lines>
						<line number="5" hits="1" branch="false"/>
						<line number="7" hits="1" branch="false"/>
						<line number="10" hits="1" branch="false"/>
						<line number="11" hits="1" branch="false"/>
					</lines>
				</class>
			</classes>
		</package>
	</packages>
</coverage>
